This is pdfTeX, Version 3.141592653-2.6-1.40.25 (TeX Live 2023) (preloaded format=pdflatex 2023.11.1)  22 FEB 2025 21:04
entering extended mode
 restricted \write18 enabled.
 file:line:error style messages enabled.
 %&-line parsing enabled.
**/Users/jamiebrine/Documents/uni/y4/project/tex/dissertation.tex
(/Users/jamiebrine/Documents/uni/y4/project/tex/dissertation.tex
LaTeX2e <2022-11-01> patch level 1
L3 programming layer <2023-02-22> (/usr/local/texlive/2023/texmf-dist/tex/latex/base/article.cls
Document Class: article 2022/07/02 v1.4n Standard LaTeX document class
(/usr/local/texlive/2023/texmf-dist/tex/latex/base/size12.clo
File: size12.clo 2022/07/02 v1.4n Standard LaTeX file (size option)
)
\c@part=\count185
\c@section=\count186
\c@subsection=\count187
\c@subsubsection=\count188
\c@paragraph=\count189
\c@subparagraph=\count190
\c@figure=\count191
\c@table=\count192
\abovecaptionskip=\skip48
\belowcaptionskip=\skip49
\bibindent=\dimen140
) (./virginialake.sty
Package: virginialake 2021/11/02 v4.2
 (/usr/local/texlive/2023/texmf-dist/tex/latex/amsfonts/amssymb.sty
Package: amssymb 2013/01/14 v3.01 AMS font symbols
 (/usr/local/texlive/2023/texmf-dist/tex/latex/amsfonts/amsfonts.sty
Package: amsfonts 2013/01/14 v3.01 Basic AMSFonts support
\@emptytoks=\toks16
\symAMSa=\mathgroup4
\symAMSb=\mathgroup5
LaTeX Font Info:    Redeclaring math symbol \hbar on input line 98.
LaTeX Font Info:    Overwriting math alphabet `\mathfrak' in version `bold'
(Font)                  U/euf/m/n --> U/euf/b/n on input line 106.
)) (/usr/local/texlive/2023/texmf-dist/tex/latex/stmaryrd/stmaryrd.sty
Package: stmaryrd 1994/03/03 St Mary's Road symbol package
\symstmry=\mathgroup6
LaTeX Font Info:    Overwriting symbol font `stmry' in version `bold'
(Font)                  U/stmry/m/n --> U/stmry/b/n on input line 89.
) (/usr/local/texlive/2023/texmf-dist/tex/latex/base/ifthen.sty
Package: ifthen 2022/04/13 v1.1d Standard LaTeX ifthen package (DPC)
) (/usr/local/texlive/2023/texmf-dist/tex/generic/iftex/ifpdf.sty
Package: ifpdf 2019/10/25 v3.4 ifpdf legacy package. Use iftex instead.
 (/usr/local/texlive/2023/texmf-dist/tex/generic/iftex/iftex.sty
Package: iftex 2022/02/03 v1.0f TeX engine tests
)) (/usr/local/texlive/2023/texmf-dist/tex/latex/etoolbox/etoolbox.sty
Package: etoolbox 2020/10/05 v2.5k e-TeX tools for LaTeX (JAW)
\etb@tempcnta=\count193
) (/usr/local/texlive/2023/texmf-dist/tex/latex/fp/fp-basic.sty
Package: fp-basic 1996/05/13
 `Basic Fixed Point Arithmetic',  Version 1.2d (C) Michael Mehlich             
\FP@xs=\count194
\FP@xia=\count195
\FP@xib=\count196
\FP@xfa=\count197
\FP@xfb=\count198
\FP@rega=\count199
\FP@regb=\count266
\FP@regs=\count267
\FP@times=\count268
) (/usr/local/texlive/2023/texmf-dist/tex/latex/xcolor/xcolor.sty
Package: xcolor 2022/06/12 v2.14 LaTeX color extensions (UK)
 (/usr/local/texlive/2023/texmf-dist/tex/latex/graphics-cfg/color.cfg
File: color.cfg 2016/01/02 v1.6 sample color configuration
)
Package xcolor Info: Driver file: pdftex.def on input line 227.
 (/usr/local/texlive/2023/texmf-dist/tex/latex/graphics-def/pdftex.def
File: pdftex.def 2022/09/22 v1.2b Graphics/color driver for pdftex
) (/usr/local/texlive/2023/texmf-dist/tex/latex/graphics/mathcolor.ltx)
Package xcolor Info: Model `cmy' substituted by `cmy0' on input line 1353.
Package xcolor Info: Model `hsb' substituted by `rgb' on input line 1357.
Package xcolor Info: Model `RGB' extended on input line 1369.
Package xcolor Info: Model `HTML' substituted by `rgb' on input line 1371.
Package xcolor Info: Model `Hsb' substituted by `hsb' on input line 1372.
Package xcolor Info: Model `tHsb' substituted by `hsb' on input line 1373.
Package xcolor Info: Model `HSB' substituted by `hsb' on input line 1374.
Package xcolor Info: Model `Gray' substituted by `gray' on input line 1375.
Package xcolor Info: Model `wave' substituted by `hsb' on input line 1376.
 (/usr/local/texlive/2023/texmf-dist/tex/latex/graphics/dvipsnam.def
File: dvipsnam.def 2016/06/17 v3.0m Driver-dependent file (DPC,SPQR)
))
\dercldim=\dimen141
\derccdim=\dimen142
\dercrdim=\dimen143
\derdim=\dimen144
\derdldim=\dimen145
\derdrdim=\dimen146
\derboxtwo=\box51
\derboxthree=\box52
\derboxfour=\box53
\derquad=\dimen147
\deropen=\dimen148
\stembox=\box54
\vlsavederboxonec=\count269
\vldummycount=\count270
\vlhybox=\box55
\vlstemheight=\dimen149
\vlstemheightc=\count271
\vldsiqdimenleft=\dimen150
\vldsiqdimenright=\dimen151
\derboxin=\box56
\derboxinwidth=\dimen152
\vltrindc=\count272
\vltrindd=\dimen153
\odback=\count273
\odframe=\count274
\afunitmst=\dimen154
\afelwidthmst=\dimen155
\afelheightmst=\dimen156
\afthickonemst=\dimen157
\afthicktwomst=\dimen158
\afthickthreemst=\dimen159
\afthickfourmst=\dimen160
\aflabeldistancemst=\dimen161
\afunit=\dimen162
\afelwidth=\dimen163
\afelheight=\dimen164
\afthickone=\dimen165
\afthicktwo=\dimen166
\afthickthree=\dimen167
\afthickfour=\dimen168
\aflabeldistance=\dimen169
\afthicksep=\dimen170
\aftrdnbox=\box57
\aftrbldnbox=\box58
\aftrupbox=\box59
\aftrblupbox=\box60
\afdiskbox=\box61
\afbbdbox=\box62
\afbbubox=\box63
\afbdbox=\box64
\afbubox=\box65
\afcdcbox=\box66
\afcdcmbox=\box67
\afcucbox=\box68
\afcucmbox=\box69
\afcdabox=\box70
\afcdsabox=\box71
\afwdabox=\box72
\afwdsbox=\box73
\afadabox=\box74
\afsdabox=\box75
\afCdbox=\box76
\afCdsbox=\box77
\afWdbox=\box78
\afWdsbox=\box79
\afAdbox=\box80
\afSdbox=\box81
\afcdnbox=\box82
\afcdsnbox=\box83
\afwdnbox=\box84
\afadnbox=\box85
\afsdnbox=\box86
\afCdnbox=\box87
\afCdsnbox=\box88
\afcuabox=\box89
\afcusabox=\box90
\afwuabox=\box91
\afwusbox=\box92
\afauabox=\box93
\afsuabox=\box94
\afCubox=\box95
\afCusbox=\box96
\afWubox=\box97
\afWusbox=\box98
\afAubox=\box99
\afSubox=\box100
\afcunbox=\box101
\afcusnbox=\box102
\afwunbox=\box103
\afaunbox=\box104
\afsunbox=\box105
\afCunbox=\box106
\afCusnbox=\box107
\afIubox=\box108
\afiubox=\box109
\afIdbox=\box110
\afidbox=\box111
\afinubox=\box112
\afindbox=\box113
\afDubox=\box114
\afduabox=\box115
\afDdbox=\box116
\afddabox=\box117
\afddnbox=\box118
\afdunbox=\box119
\afCudbox=\box120
\afcudabox=\box121
\afCddbox=\box122
\afcddabox=\box123
\afCudnbox=\box124
\afcudnbox=\box125
\afCddnbox=\box126
\afcddnbox=\box127
) (/usr/local/texlive/2023/texmf-dist/tex/latex/amscls/amsthm.sty
Package: amsthm 2020/05/29 v2.20.6
\thm@style=\toks17
\thm@bodyfont=\toks18
\thm@headfont=\toks19
\thm@notefont=\toks20
\thm@headpunct=\toks21
\thm@preskip=\skip50
\thm@postskip=\skip51
\thm@headsep=\skip52
\dth@everypar=\toks22
) (/usr/local/texlive/2023/texmf-dist/tex/latex/titlesec/titlesec.sty
Package: titlesec 2021/07/05 v2.14 Sectioning titles
\ttl@box=\box128
\beforetitleunit=\skip53
\aftertitleunit=\skip54
\ttl@plus=\dimen171
\ttl@minus=\dimen172
\ttl@toksa=\toks23
\titlewidth=\dimen173
\titlewidthlast=\dimen174
\titlewidthfirst=\dimen175
) (/usr/local/texlive/2023/texmf-dist/tex/latex/amsmath/amsmath.sty
Package: amsmath 2022/04/08 v2.17n AMS math features
\@mathmargin=\skip55

For additional information on amsmath, use the `?' option.
(/usr/local/texlive/2023/texmf-dist/tex/latex/amsmath/amstext.sty
Package: amstext 2021/08/26 v2.01 AMS text
 (/usr/local/texlive/2023/texmf-dist/tex/latex/amsmath/amsgen.sty
File: amsgen.sty 1999/11/30 v2.0 generic functions
\@emptytoks=\toks24
\ex@=\dimen176
)) (/usr/local/texlive/2023/texmf-dist/tex/latex/amsmath/amsbsy.sty
Package: amsbsy 1999/11/29 v1.2d Bold Symbols
\pmbraise@=\dimen177
) (/usr/local/texlive/2023/texmf-dist/tex/latex/amsmath/amsopn.sty
Package: amsopn 2022/04/08 v2.04 operator names
)
\inf@bad=\count275
LaTeX Info: Redefining \frac on input line 234.
\uproot@=\count276
\leftroot@=\count277
LaTeX Info: Redefining \overline on input line 399.
LaTeX Info: Redefining \colon on input line 410.
\classnum@=\count278
\DOTSCASE@=\count279
LaTeX Info: Redefining \ldots on input line 496.
LaTeX Info: Redefining \dots on input line 499.
LaTeX Info: Redefining \cdots on input line 620.
\Mathstrutbox@=\box129
\strutbox@=\box130
LaTeX Info: Redefining \big on input line 722.
LaTeX Info: Redefining \Big on input line 723.
LaTeX Info: Redefining \bigg on input line 724.
LaTeX Info: Redefining \Bigg on input line 725.
\big@size=\dimen178
LaTeX Font Info:    Redeclaring font encoding OML on input line 743.
LaTeX Font Info:    Redeclaring font encoding OMS on input line 744.
\macc@depth=\count280
LaTeX Info: Redefining \bmod on input line 905.
LaTeX Info: Redefining \pmod on input line 910.
LaTeX Info: Redefining \smash on input line 940.
LaTeX Info: Redefining \relbar on input line 970.
LaTeX Info: Redefining \Relbar on input line 971.
\c@MaxMatrixCols=\count281
\dotsspace@=\muskip16
\c@parentequation=\count282
\dspbrk@lvl=\count283
\tag@help=\toks25
\row@=\count284
\column@=\count285
\maxfields@=\count286
\andhelp@=\toks26
\eqnshift@=\dimen179
\alignsep@=\dimen180
\tagshift@=\dimen181
\tagwidth@=\dimen182
\totwidth@=\dimen183
\lineht@=\dimen184
\@envbody=\toks27
\multlinegap=\skip56
\multlinetaggap=\skip57
\mathdisplay@stack=\toks28
LaTeX Info: Redefining \[ on input line 2953.
LaTeX Info: Redefining \] on input line 2954.
) (/usr/local/texlive/2023/texmf-dist/tex/latex/graphics/graphicx.sty
Package: graphicx 2021/09/16 v1.2d Enhanced LaTeX Graphics (DPC,SPQR)
 (/usr/local/texlive/2023/texmf-dist/tex/latex/graphics/keyval.sty
Package: keyval 2022/05/29 v1.15 key=value parser (DPC)
\KV@toks@=\toks29
) (/usr/local/texlive/2023/texmf-dist/tex/latex/graphics/graphics.sty
Package: graphics 2022/03/10 v1.4e Standard LaTeX Graphics (DPC,SPQR)
 (/usr/local/texlive/2023/texmf-dist/tex/latex/graphics/trig.sty
Package: trig 2021/08/11 v1.11 sin cos tan (DPC)
) (/usr/local/texlive/2023/texmf-dist/tex/latex/graphics-cfg/graphics.cfg
File: graphics.cfg 2016/06/04 v1.11 sample graphics configuration
)
Package graphics Info: Driver file: pdftex.def on input line 107.
)
\Gin@req@height=\dimen185
\Gin@req@width=\dimen186
) (/usr/local/texlive/2023/texmf-dist/tex/latex/caption/caption.sty
Package: caption 2023/03/12 v3.6j Customizing captions (AR)
 (/usr/local/texlive/2023/texmf-dist/tex/latex/caption/caption3.sty
Package: caption3 2023/03/12 v2.4 caption3 kernel (AR)
\caption@tempdima=\dimen187
\captionmargin=\dimen188
\caption@leftmargin=\dimen189
\caption@rightmargin=\dimen190
\caption@width=\dimen191
\caption@indent=\dimen192
\caption@parindent=\dimen193
\caption@hangindent=\dimen194
Package caption Info: Standard document class detected.
)
\c@caption@flags=\count287
\c@continuedfloat=\count288
) (/usr/local/texlive/2023/texmf-dist/tex/latex/mathtools/mathtools.sty
Package: mathtools 2022/06/29 v1.29 mathematical typesetting tools
 (/usr/local/texlive/2023/texmf-dist/tex/latex/tools/calc.sty
Package: calc 2017/05/25 v4.3 Infix arithmetic (KKT,FJ)
\calc@Acount=\count289
\calc@Bcount=\count290
\calc@Adimen=\dimen195
\calc@Bdimen=\dimen196
\calc@Askip=\skip58
\calc@Bskip=\skip59
LaTeX Info: Redefining \setlength on input line 80.
LaTeX Info: Redefining \addtolength on input line 81.
\calc@Ccount=\count291
\calc@Cskip=\skip60
) (/usr/local/texlive/2023/texmf-dist/tex/latex/mathtools/mhsetup.sty
Package: mhsetup 2021/03/18 v1.4 programming setup (MH)
)
\g_MT_multlinerow_int=\count292
\l_MT_multwidth_dim=\dimen197
\origjot=\skip61
\l_MT_shortvdotswithinadjustabove_dim=\dimen198
\l_MT_shortvdotswithinadjustbelow_dim=\dimen199
\l_MT_above_intertext_sep=\dimen256
\l_MT_below_intertext_sep=\dimen257
\l_MT_above_shortintertext_sep=\dimen258
\l_MT_below_shortintertext_sep=\dimen259
\xmathstrut@box=\box131
\xmathstrut@dim=\dimen260
) (/usr/local/texlive/2023/texmf-dist/tex/latex/cancel/cancel.sty
Package: cancel 2013/04/12 v2.2 Cancel math terms
) (/usr/local/texlive/2023/texmf-dist/tex/latex/tools/bm.sty
Package: bm 2022/01/05 v1.2f Bold Symbol Support (DPC/FMi)
\symboldoperators=\mathgroup7
\symboldletters=\mathgroup8
\symboldsymbols=\mathgroup9
Package bm Info: No bold for \OMX/cmex/m/n, using \pmb.
Package bm Info: No bold for \U/msa/m/n, using \pmb.
Package bm Info: No bold for \U/msb/m/n, using \pmb.
\symboldstmry=\mathgroup10
LaTeX Font Info:    Redeclaring math alphabet \mathbf on input line 149.
) (/usr/local/texlive/2023/texmf-dist/tex/latex/changepage/changepage.sty
Package: changepage 2009/10/20 v1.0c check page and change page layout
\c@cp@cntr=\count293
\cp@tempcnt=\count294
)
\c@theorem=\count295
 (/usr/local/texlive/2023/texmf-dist/tex/latex/l3backend/l3backend-pdftex.def
File: l3backend-pdftex.def 2023-01-16 L3 backend support: PDF output (pdfTeX)
\l__color_backend_stack_int=\count296
\l__pdf_internal_box=\box132
) (./dissertation.aux)
\openout1 = `dissertation.aux'.

LaTeX Font Info:    Checking defaults for OML/cmm/m/it on input line 58.
LaTeX Font Info:    ... okay on input line 58.
LaTeX Font Info:    Checking defaults for OMS/cmsy/m/n on input line 58.
LaTeX Font Info:    ... okay on input line 58.
LaTeX Font Info:    Checking defaults for OT1/cmr/m/n on input line 58.
LaTeX Font Info:    ... okay on input line 58.
LaTeX Font Info:    Checking defaults for T1/cmr/m/n on input line 58.
LaTeX Font Info:    ... okay on input line 58.
LaTeX Font Info:    Checking defaults for TS1/cmr/m/n on input line 58.
LaTeX Font Info:    ... okay on input line 58.
LaTeX Font Info:    Checking defaults for OMX/cmex/m/n on input line 58.
LaTeX Font Info:    ... okay on input line 58.
LaTeX Font Info:    Checking defaults for U/cmr/m/n on input line 58.
LaTeX Font Info:    ... okay on input line 58.
 (/usr/local/texlive/2023/texmf-dist/tex/context/base/mkii/supp-pdf.mkii
[Loading MPS to PDF converter (version 2006.09.02).]
\scratchcounter=\count297
\scratchdimen=\dimen261
\scratchbox=\box133
\nofMPsegments=\count298
\nofMParguments=\count299
\everyMPshowfont=\toks30
\MPscratchCnt=\count300
\MPscratchDim=\dimen262
\MPnumerator=\count301
\makeMPintoPDFobject=\count302
\everyMPtoPDFconversion=\toks31
) (/usr/local/texlive/2023/texmf-dist/tex/latex/epstopdf-pkg/epstopdf-base.sty
Package: epstopdf-base 2020-01-24 v2.11 Base part for package epstopdf
Package epstopdf-base Info: Redefining graphics rule for `.eps' on input line 485.
 (/usr/local/texlive/2023/texmf-dist/tex/latex/latexconfig/epstopdf-sys.cfg
File: epstopdf-sys.cfg 2010/07/13 v1.3 Configuration of (r)epstopdf for TeX Live
))
Package caption Info: Begin \AtBeginDocument code.
Package caption Info: changepage package is loaded.
\caption@adjustwidth@hsize=\dimen263
\caption@adjustwidth@linewidth=\dimen264
Package caption Info: End \AtBeginDocument code.
LaTeX Font Info:    Trying to load font information for U+msa on input line 60.
 (/usr/local/texlive/2023/texmf-dist/tex/latex/amsfonts/umsa.fd
File: umsa.fd 2013/01/14 v3.01 AMS symbols A
)
LaTeX Font Info:    Trying to load font information for U+msb on input line 60.
 (/usr/local/texlive/2023/texmf-dist/tex/latex/amsfonts/umsb.fd
File: umsb.fd 2013/01/14 v3.01 AMS symbols B
)
LaTeX Font Info:    Trying to load font information for U+stmry on input line 60.
 (/usr/local/texlive/2023/texmf-dist/tex/latex/stmaryrd/Ustmry.fd)

LaTeX Font Warning: Font shape `U/stmry/b/n' undefined
(Font)              using `U/stmry/m/n' instead on input line 60.

[1

{/usr/local/texlive/2023/texmf-var/fonts/map/pdftex/updmap/pdftex.map}{/usr/local/texlive/2023/texmf-dist/fonts/enc/dvips/cm-super/cm-super-ts1.enc}] (./dissertation.toc)
\tf@toc=\write3
\openout3 = `dissertation.toc'.

 [2] [3]
LaTeX Font Info:    Calculating math sizes for size <17.55003> on input line 93.
 [4] [5]
\derboxone=\box134
\derldim=\dimen265
\dercdim=\dimen266
\derrdim=\dimen267
\derboxone=\box134
\derldim=\dimen265
\dercdim=\dimen266
\derrdim=\dimen267
\derboxone=\box134
\derldim=\dimen265
\dercdim=\dimen266
\derrdim=\dimen267
\derboxone=\box134
\derldim=\dimen265
\dercdim=\dimen266
\derrdim=\dimen267
\derboxone=\box134
\derldim=\dimen265
\dercdim=\dimen266
\derrdim=\dimen267
\derboxone=\box134
\derldim=\dimen265
\dercdim=\dimen266
\derrdim=\dimen267
\derboxone=\box134
\derldim=\dimen265
\dercdim=\dimen266
\derrdim=\dimen267
\derboxone=\box134
\derldim=\dimen265
\dercdim=\dimen266
\derrdim=\dimen267
\derboxone=\box134
\derldim=\dimen265
\dercdim=\dimen266
\derrdim=\dimen267
\derboxone=\box134
\derldim=\dimen265
\dercdim=\dimen266
\derrdim=\dimen267
\derboxone=\box134
\derldim=\dimen265
\dercdim=\dimen266
\derrdim=\dimen267
\derboxone=\box134
\derldim=\dimen265
\dercdim=\dimen266
\derrdim=\dimen267
\derboxone=\box134
\derldim=\dimen265
\dercdim=\dimen266
\derrdim=\dimen267
\derboxone=\box134
\derldim=\dimen265
\dercdim=\dimen266
\derrdim=\dimen267
\derboxone=\box134
\derldim=\dimen265
\dercdim=\dimen266
\derrdim=\dimen267
\derboxone=\box135
\derldim=\dimen268
\dercdim=\dimen269
\derrdim=\dimen270
\derboxone=\box134
\derldim=\dimen265
\dercdim=\dimen266
\derrdim=\dimen267
\derboxone=\box134
\derldim=\dimen265
\dercdim=\dimen266
\derrdim=\dimen267
\derboxone=\box135
\derldim=\dimen268
\dercdim=\dimen269
\derrdim=\dimen270
 [6]
\derboxone=\box134
\derldim=\dimen265
\dercdim=\dimen266
\derrdim=\dimen267
\derboxone=\box134
\derldim=\dimen265
\dercdim=\dimen266
\derrdim=\dimen267
 [7] [8] [9] [10] [11] [12]
Underfull \hbox (badness 10000) in paragraph at lines 572--574

 []

[13] [14]
\derboxone=\box134
\derldim=\dimen265
\dercdim=\dimen266
\derrdim=\dimen267
 [15]
\derboxone=\box134
\derldim=\dimen265
\dercdim=\dimen266
\derrdim=\dimen267
\derboxone=\box134
\derldim=\dimen265
\dercdim=\dimen266
\derrdim=\dimen267

Overfull \hbox (5.16733pt too wide) in paragraph at lines 740--742
[]\OT1/cmr/m/n/12 As in the proof of Lemma 3.16[], we need only to show that $\OML/cmm/m/it/12 r[]r[]:::r[] [][]
 []

[16]
\derboxone=\box134
\derldim=\dimen265
\dercdim=\dimen266
\derrdim=\dimen267
 [17]
\derboxone=\box134
\derldim=\dimen265
\dercdim=\dimen266
\derrdim=\dimen267

Overfull \hbox (30.58705pt too wide) in paragraph at lines 813--819
\OT1/cmr/m/n/12 that $(\OML/cmm/m/it/12 r; t; u; v\OT1/cmr/m/n/12 ) [][] (\OML/cmm/m/it/12 r[]; t[]; u[]; v[]\OT1/cmr/m/n/12 )$. To get the re-quired co-her-ence $(\OML/cmm/m/it/12 r; u; t; v\OT1/cmr/m/n/12 ) [][]
 []

\derboxone=\box134
\derldim=\dimen265
\dercdim=\dimen266
\derrdim=\dimen267
[18]
\derboxone=\box134
\derldim=\dimen265
\dercdim=\dimen266
\derrdim=\dimen267
 [19] [20] [21] (./dissertation.bbl) [22] (./dissertation.aux)

LaTeX Font Warning: Some font shapes were not available, defaults substituted.

 ) 
Here is how much of TeX's memory you used:
 7590 strings out of 476025
 113513 string characters out of 5790017
 1872388 words of memory out of 5000000
 27924 multiletter control sequences out of 15000+600000
 536409 words of font info for 121 fonts, out of 8000000 for 9000
 1142 hyphenation exceptions out of 8191
 57i,18n,65p,325b,421s stack positions out of 10000i,1000n,20000p,200000b,200000s
</usr/local/texlive/2023/texmf-dist/fonts/type1/public/amsfonts/cm/cmbsy10.pfb></usr/local/texlive/2023/texmf-dist/fonts/type1/public/amsfonts/cm/cmbx10.pfb></usr/local/texlive/2023/texmf-dist/fonts/type1/public/amsfonts/cm/cmbx12.pfb></usr/local/texlive/2023/texmf-dist/fonts/type1/public/amsfonts/cm/cmmi12.pfb></usr/local/texlive/2023/texmf-dist/fonts/type1/public/amsfonts/cm/cmmi8.pfb></usr/local/texlive/2023/texmf-dist/fonts/type1/public/amsfonts/cm/cmmib10.pfb></usr/local/texlive/2023/texmf-dist/fonts/type1/public/amsfonts/cm/cmr10.pfb></usr/local/texlive/2023/texmf-dist/fonts/type1/public/amsfonts/cm/cmr12.pfb></usr/local/texlive/2023/texmf-dist/fonts/type1/public/amsfonts/cm/cmr17.pfb></usr/local/texlive/2023/texmf-dist/fonts/type1/public/amsfonts/cm/cmr8.pfb></usr/local/texlive/2023/texmf-dist/fonts/type1/public/amsfonts/cm/cmss12.pfb></usr/local/texlive/2023/texmf-dist/fonts/type1/public/amsfonts/cm/cmss17.pfb></usr/local/texlive/2023/texmf-dist/fonts/type1/public/amsfonts/cm/cmss8.pfb></usr/local/texlive/2023/texmf-dist/fonts/type1/public/amsfonts/cm/cmsy10.pfb></usr/local/texlive/2023/texmf-dist/fonts/type1/public/amsfonts/cm/cmsy8.pfb></usr/local/texlive/2023/texmf-dist/fonts/type1/public/amsfonts/cm/cmti12.pfb></usr/local/texlive/2023/texmf-dist/fonts/type1/public/amsfonts/latxfont/line10.pfb></usr/local/texlive/2023/texmf-dist/fonts/type1/public/amsfonts/symbols/msam10.pfb></usr/local/texlive/2023/texmf-dist/fonts/type1/public/cm-super/sfrm1095.pfb></usr/local/texlive/2023/texmf-dist/fonts/type1/public/cm-super/sfrm1200.pfb></usr/local/texlive/2023/texmf-dist/fonts/type1/public/stmaryrd/stmary10.pfb></usr/local/texlive/2023/texmf-dist/fonts/type1/public/stmaryrd/stmary8.pfb>
Output written on dissertation.pdf (22 pages, 273551 bytes).
PDF statistics:
 187 PDF objects out of 1000 (max. 8388607)
 117 compressed objects within 2 object streams
 0 named destinations out of 1000 (max. 500000)
 1 words of extra memory for PDF output out of 10000 (max. 10000000)

